This is pdfTeX, Version 3.14159265-2.6-1.40.16 (TeX Live 2015/Debian) (preloaded format=pdflatex 2017.10.26)  26 APR 2018 17:10
entering extended mode
 restricted \write18 enabled.
 %&-line parsing enabled.
**"Math 237.tex"
(./Math 237.tex
LaTeX2e <2016/02/01>
Babel <3.9q> and hyphenation patterns for 81 language(s) loaded.
(/usr/share/texlive/texmf-dist/tex/latex/base/article.cls
Document Class: article 2014/09/29 v1.4h Standard LaTeX document class
(/usr/share/texlive/texmf-dist/tex/latex/base/size10.clo
File: size10.clo 2014/09/29 v1.4h Standard LaTeX file (size option)
)
\c@part=\count79
\c@section=\count80
\c@subsection=\count81
\c@subsubsection=\count82
\c@paragraph=\count83
\c@subparagraph=\count84
\c@figure=\count85
\c@table=\count86
\abovecaptionskip=\skip41
\belowcaptionskip=\skip42
\bibindent=\dimen102
)
(/usr/share/texlive/texmf-dist/tex/latex/amsfonts/amssymb.sty
Package: amssymb 2013/01/14 v3.01 AMS font symbols

(/usr/share/texlive/texmf-dist/tex/latex/amsfonts/amsfonts.sty
Package: amsfonts 2013/01/14 v3.01 Basic AMSFonts support
\@emptytoks=\toks14
\symAMSa=\mathgroup4
\symAMSb=\mathgroup5
LaTeX Font Info:    Overwriting math alphabet `\mathfrak' in version `bold'
(Font)                  U/euf/m/n --> U/euf/b/n on input line 106.
))
(./Math 237.aux)
\openout1 = `"Math 237.aux"'.

LaTeX Font Info:    Checking defaults for OML/cmm/m/it on input line 3.
LaTeX Font Info:    ... okay on input line 3.
LaTeX Font Info:    Checking defaults for T1/cmr/m/n on input line 3.
LaTeX Font Info:    ... okay on input line 3.
LaTeX Font Info:    Checking defaults for OT1/cmr/m/n on input line 3.
LaTeX Font Info:    ... okay on input line 3.
LaTeX Font Info:    Checking defaults for OMS/cmsy/m/n on input line 3.
LaTeX Font Info:    ... okay on input line 3.
LaTeX Font Info:    Checking defaults for OMX/cmex/m/n on input line 3.
LaTeX Font Info:    ... okay on input line 3.
LaTeX Font Info:    Checking defaults for U/cmr/m/n on input line 3.
LaTeX Font Info:    ... okay on input line 3.
LaTeX Font Info:    Try loading font information for U+msa on input line 7.
 (/usr/share/texlive/texmf-dist/tex/latex/amsfonts/umsa.fd
File: umsa.fd 2013/01/14 v3.01 AMS symbols A
)
LaTeX Font Info:    Try loading font information for U+msb on input line 7.

(/usr/share/texlive/texmf-dist/tex/latex/amsfonts/umsb.fd
File: umsb.fd 2013/01/14 v3.01 AMS symbols B
)
Underfull \hbox (badness 10000) in paragraph at lines 19--35

 []


Underfull \hbox (badness 10000) in paragraph at lines 19--35

 []

[1

{/var/lib/texmf/fonts/map/pdftex/updmap/pdftex.map}]
Underfull \hbox (badness 10000) in paragraph at lines 36--60

 []


Underfull \hbox (badness 10000) in paragraph at lines 36--60

 []


Underfull \hbox (badness 10000) in paragraph at lines 36--60

 []

[2]
Underfull \hbox (badness 10000) in paragraph at lines 83--92

 []

[3]
Underfull \hbox (badness 10000) in paragraph at lines 93--107

 []


Underfull \hbox (badness 10000) in paragraph at lines 93--107

 []


Underfull \hbox (badness 10000) in paragraph at lines 93--107

 []


Underfull \hbox (badness 10000) in paragraph at lines 109--124

 []

[4]
Underfull \hbox (badness 10000) in paragraph at lines 125--163

 []


Underfull \hbox (badness 10000) in paragraph at lines 125--163

 []


Underfull \hbox (badness 10000) in paragraph at lines 125--163

 []


Underfull \hbox (badness 10000) in paragraph at lines 125--163

 []


Underfull \hbox (badness 10000) in paragraph at lines 125--163

 []

[5]
Overfull \hbox (45.6098pt too wide) in paragraph at lines 181--196
\OT1/cmr/bx/n/10 EX: \OT1/cmr/m/n/10 let $\OML/cmm/m/it/10 D \OT1/cmr/m/n/10 = 
\OMS/cmsy/m/n/10 f\OML/cmm/m/it/10 finite subsets of \U/msb/m/n/10 N\OMS/cmsy/m
/n/10 g$ \OT1/cmr/m/n/10 and de-fine $\OML/cmm/m/it/10 T \OT1/cmr/m/n/10 : \U/m
sb/m/n/10 N \OMS/cmsy/m/n/10 ! \OML/cmm/m/it/10 D$\OT1/cmr/m/n/10 , $\OML/cmm/m
/it/10 T\OT1/cmr/m/n/10 (\OML/cmm/m/it/10 n\OT1/cmr/m/n/10 ) = \OMS/cmsy/m/n/10
 f\OML/cmm/m/it/10 positive divisors of n\OMS/cmsy/m/n/10 g$ 
 []

[6]
Underfull \hbox (badness 10000) in paragraph at lines 203--225

 []


Underfull \hbox (badness 10000) in paragraph at lines 203--225

 []

[7]
Underfull \hbox (badness 10000) in paragraph at lines 226--264

 []


Underfull \hbox (badness 10000) in paragraph at lines 226--264

 []


Underfull \hbox (badness 10000) in paragraph at lines 226--264

 []


Underfull \hbox (badness 10000) in paragraph at lines 226--264

 []


Underfull \hbox (badness 10000) in paragraph at lines 226--264

 []


Underfull \hbox (badness 10000) in paragraph at lines 226--264

 []


Underfull \hbox (badness 10000) in paragraph at lines 226--264

 []

[8]
Underfull \hbox (badness 10000) in paragraph at lines 265--286

 []


Underfull \hbox (badness 10000) in paragraph at lines 265--286

 []


Overfull \hbox (15.88908pt too wide) in paragraph at lines 265--286
\OT1/cmr/bx/n/10 EX: $\OMS/cmsy/m/n/10 j\U/msb/m/n/10 R\OMS/cmsy/m/n/10 j 6\OT1
/cmr/m/n/10 = \OMS/cmsy/m/n/10 j\U/msb/m/n/10 N\OMS/cmsy/m/n/10 j$ \OT1/cmr/m/n
/10 We can show that $\OMS/cmsy/m/n/10 j\OT1/cmr/m/n/10 (0\OML/cmm/m/it/10 ; \O
T1/cmr/m/n/10 1)\OMS/cmsy/m/n/10 j 6\OT1/cmr/m/n/10 = \OMS/cmsy/m/n/10 j\U/msb/
m/n/10 N$ \OT1/cmr/m/n/10 us-ing $[]$ 
 []


Underfull \hbox (badness 10000) in paragraph at lines 288--295

 []


Underfull \hbox (badness 10000) in paragraph at lines 288--295

 []

[9]
Underfull \hbox (badness 10000) in paragraph at lines 296--331

 []


Underfull \hbox (badness 10000) in paragraph at lines 296--331

 []


Underfull \hbox (badness 10000) in paragraph at lines 296--331

 []


Underfull \hbox (badness 10000) in paragraph at lines 296--331

 []

[10] [11] (./Math 237.aux) ) 
Here is how much of TeX's memory you used:
 553 strings out of 493029
 6005 string characters out of 6136233
 62666 words of memory out of 5000000
 4133 multiletter control sequences out of 15000+600000
 14120 words of font info for 54 fonts, out of 8000000 for 9000
 1141 hyphenation exceptions out of 8191
 25i,8n,26p,424b,197s stack positions out of 5000i,500n,10000p,200000b,80000s
</usr/share/texlive/texmf-dist/fonts/type1/public/a
msfonts/cm/cmbsy10.pfb></usr/share/texlive/texmf-dist/fonts/type1/public/amsfon
ts/cm/cmbx10.pfb></usr/share/texlive/texmf-dist/fonts/type1/public/amsfonts/cm/
cmbx12.pfb></usr/share/texlive/texmf-dist/fonts/type1/public/amsfonts/cm/cmmi10
.pfb></usr/share/texlive/texmf-dist/fonts/type1/public/amsfonts/cm/cmmi5.pfb></
usr/share/texlive/texmf-dist/fonts/type1/public/amsfonts/cm/cmmi7.pfb></usr/sha
re/texlive/texmf-dist/fonts/type1/public/amsfonts/cm/cmmib10.pfb></usr/share/te
xlive/texmf-dist/fonts/type1/public/amsfonts/cmextra/cmmib7.pfb></usr/share/tex
live/texmf-dist/fonts/type1/public/amsfonts/cm/cmr10.pfb></usr/share/texlive/te
xmf-dist/fonts/type1/public/amsfonts/cm/cmr12.pfb></usr/share/texlive/texmf-dis
t/fonts/type1/public/amsfonts/cm/cmr17.pfb></usr/share/texlive/texmf-dist/fonts
/type1/public/amsfonts/cm/cmr7.pfb></usr/share/texlive/texmf-dist/fonts/type1/p
ublic/amsfonts/cm/cmsy10.pfb></usr/share/texlive/texmf-dist/fonts/type1/public/
amsfonts/cm/cmsy7.pfb></usr/share/texlive/texmf-dist/fonts/type1/public/amsfont
s/cm/cmtt10.pfb></usr/share/texlive/texmf-dist/fonts/type1/public/amsfonts/symb
ols/msam10.pfb></usr/share/texlive/texmf-dist/fonts/type1/public/amsfonts/symbo
ls/msbm10.pfb>
Output written on "Math 237.pdf" (11 pages, 220542 bytes).
PDF statistics:
 108 PDF objects out of 1000 (max. 8388607)
 77 compressed objects within 1 object stream
 0 named destinations out of 1000 (max. 500000)
 1 words of extra memory for PDF output out of 10000 (max. 10000000)

